<driver class="oracle.jdbc.OracleDriver">
	<url value="jdbc:oracle:thin:@//localhost:1521/test.ashapochka"/>
	<connectionPool min="1" max="1" />
	<login userName="test" password="smarty"/>
</driver>
